-------------------------------------------------------------------------------
Test set: com.myblog.service.PostServiceTest
-------------------------------------------------------------------------------
Tests run: 7, Failures: 0, Errors: 1, Skipped: 0, Time elapsed: 0.084 s <<< FAILURE! -- in com.myblog.service.PostServiceTest
com.myblog.service.PostServiceTest.testDeletePost -- Time elapsed: 0.003 s <<< ERROR!
java.lang.UnsupportedOperationException: TODO: Implement deletePost
	at com.myblog.service.impl.PostServiceImpl.deletePost(PostServiceImpl.java:84)
	at com.myblog.service.PostServiceTest.testDeletePost(PostServiceTest.java:149)
	at java.base/java.lang.reflect.Method.invoke(Method.java:580)
	at java.base/java.util.ArrayList.forEach(ArrayList.java:1596)
	at java.base/java.util.ArrayList.forEach(ArrayList.java:1596)

