-------------------------------------------------------------------------------
Test set: com.myblog.dao.PostDaoIntegrationTest
-------------------------------------------------------------------------------
Tests run: 8, Failures: 0, Errors: 1, Skipped: 0, Time elapsed: 0.167 s <<< FAILURE! -- in com.myblog.dao.PostDaoIntegrationTest
com.myblog.dao.PostDaoIntegrationTest.testDeletePost -- Time elapsed: 0.004 s <<< ERROR!
java.lang.UnsupportedOperationException: TODO: Implement cascade delete
	at com.myblog.dao.impl.PostDaoImpl.delete(PostDaoImpl.java:152)
	at com.myblog.dao.PostDaoIntegrationTest.testDeletePost(PostDaoIntegrationTest.java:163)
	at java.base/java.lang.reflect.Method.invoke(Method.java:580)
	at java.base/java.util.ArrayList.forEach(ArrayList.java:1596)
	at java.base/java.util.ArrayList.forEach(ArrayList.java:1596)

