<?xml version="1.0" encoding="UTF-8"?>
<testsuite xmlns:xsi="http://www.w3.org/2001/XMLSchema-instance" xsi:noNamespaceSchemaLocation="https://maven.apache.org/surefire/maven-surefire-plugin/xsd/surefire-test-report-3.0.xsd" version="3.0" name="com.myblog.dao.PostDaoIntegrationTest" time="0.12" tests="8" errors="0" skipped="0" failures="0">
  <properties>
[...]
</properties>
  <testcase name="testFindAllPosts" classname="com.myblog.dao.PostDaoIntegrationTest" time="0.019">
    <system-out><![CDATA[15:06:28.114 [main] INFO  o.s.j.d.e.EmbeddedDatabaseFactory - Starting embedded database: url='jdbc:h2:mem:testdb;DB_CLOSE_DELAY=-1;DB_CLOSE_ON_EXIT=false', username='sa'
15:06:28.134 [main] DEBUG com.myblog.dao.impl.TagDaoImpl - Tag not found with name: java
15:06:28.137 [main] DEBUG com.myblog.dao.impl.TagDaoImpl - Tag not found with name: spring
]]></system-out>
  </testcase>
  <testcase name="testUpdatePost" classname="com.myblog.dao.PostDaoIntegrationTest" time="0.008">
    <system-out><![CDATA[15:06:28.151 [main] DEBUG com.myblog.dao.impl.TagDaoImpl - Tag not found with name: tag1
15:06:28.154 [main] DEBUG com.myblog.dao.impl.TagDaoImpl - Tag not found with name: tag2
15:06:28.154 [main] DEBUG com.myblog.dao.impl.TagDaoImpl - Tag not found with name: tag3
]]></system-out>
  </testcase>
  <testcase name="testCreateAndFindPost" classname="com.myblog.dao.PostDaoIntegrationTest" time="0.007">
    <system-out><![CDATA[15:06:28.162 [main] DEBUG com.myblog.dao.impl.TagDaoImpl - Tag not found with name: tag1
15:06:28.162 [main] DEBUG com.myblog.dao.impl.TagDaoImpl - Tag not found with name: tag2
]]></system-out>
  </testcase>
  <testcase name="testSearchPostsByTag" classname="com.myblog.dao.PostDaoIntegrationTest" time="0.011">
    <system-out><![CDATA[15:06:28.170 [main] DEBUG com.myblog.dao.impl.TagDaoImpl - Tag not found with name: java
15:06:28.171 [main] DEBUG com.myblog.dao.impl.TagDaoImpl - Tag not found with name: spring
15:06:28.173 [main] DEBUG com.myblog.dao.impl.TagDaoImpl - Tag not found with name: python
]]></system-out>
  </testcase>
  <testcase name="testIncrementLikes" classname="com.myblog.dao.PostDaoIntegrationTest" time="0.007"/>
  <testcase name="testGetTotalCount" classname="com.myblog.dao.PostDaoIntegrationTest" time="0.006"/>
  <testcase name="testDeletePost" classname="com.myblog.dao.PostDaoIntegrationTest" time="0.006">
    <system-out><![CDATA[15:06:28.198 [main] DEBUG com.myblog.dao.impl.PostDaoImpl - Post not found with id: 16
]]></system-out>
  </testcase>
  <testcase name="testSearchPostsByTitle" classname="com.myblog.dao.PostDaoIntegrationTest" time="0.008"/>
</testsuite>