<?xml version="1.0" encoding="UTF-8"?>
<testsuite xmlns:xsi="http://www.w3.org/2001/XMLSchema-instance" xsi:noNamespaceSchemaLocation="https://maven.apache.org/surefire/maven-surefire-plugin/xsd/surefire-test-report-3.0.xsd" version="3.0" name="com.myblog.controller.CommentControllerIntegrationTest" time="1.757" tests="7" errors="0" skipped="0" failures="0">
  <properties>
[...]
</properties>
  <testcase name="testDeleteComment" classname="com.myblog.controller.CommentControllerIntegrationTest" time="0.238">
    <system-out><![CDATA[18:21:13.132 [main] INFO  o.s.j.d.e.EmbeddedDatabaseFactory - Starting embedded database: url='jdbc:h2:mem:testdb;DB_CLOSE_DELAY=-1;DB_CLOSE_ON_EXIT=false', username='sa'
18:21:13.864 [main] INFO  o.s.mock.web.MockServletContext - Initializing Spring TestDispatcherServlet ''
18:21:13.865 [main] INFO  o.s.t.w.s.TestDispatcherServlet - Initializing Servlet ''
18:21:13.866 [main] INFO  o.s.t.w.s.TestDispatcherServlet - Completed initialization in 1 ms
18:21:13.989 [main] DEBUG c.myblog.controller.PostController - POST /api/posts - title: Test Post
18:21:13.994 [main] DEBUG c.m.service.impl.PostServiceImpl - Creating new post with title: Test Post
18:21:14.050 [main] DEBUG c.m.controller.CommentController - POST /api/posts/1/comments - text: Comment to delete
18:21:14.051 [main] DEBUG c.m.service.impl.CommentServiceImpl - Creating new comment for post with id: 1
18:21:14.056 [main] DEBUG c.m.controller.CommentController - DELETE /api/posts/1/comments/1
18:21:14.056 [main] DEBUG c.m.service.impl.CommentServiceImpl - Deleting comment with id: 1
18:21:14.058 [main] DEBUG c.m.controller.CommentController - GET /api/posts/1/comments/1
18:21:14.058 [main] DEBUG c.m.service.impl.CommentServiceImpl - Getting comment by id: 1
18:21:14.059 [main] DEBUG com.myblog.dao.impl.CommentDaoImpl - Comment not found with id: 1
]]></system-out>
  </testcase>
  <testcase name="testDeletePostCascadesComments" classname="com.myblog.controller.CommentControllerIntegrationTest" time="0.014">
    <system-out><![CDATA[18:21:14.070 [main] INFO  o.s.mock.web.MockServletContext - Initializing Spring TestDispatcherServlet ''
18:21:14.070 [main] INFO  o.s.t.w.s.TestDispatcherServlet - Initializing Servlet ''
18:21:14.071 [main] INFO  o.s.t.w.s.TestDispatcherServlet - Completed initialization in 1 ms
18:21:14.074 [main] DEBUG c.myblog.controller.PostController - POST /api/posts - title: Test Post
18:21:14.074 [main] DEBUG c.m.service.impl.PostServiceImpl - Creating new post with title: Test Post
18:21:14.077 [main] DEBUG c.m.controller.CommentController - POST /api/posts/2/comments - text: Comment to cascade delete
18:21:14.077 [main] DEBUG c.m.service.impl.CommentServiceImpl - Creating new comment for post with id: 2
18:21:14.079 [main] DEBUG c.myblog.controller.PostController - DELETE /api/posts/2
18:21:14.079 [main] DEBUG c.m.service.impl.PostServiceImpl - Deleting post with id: 2
18:21:14.081 [main] DEBUG c.m.controller.CommentController - GET /api/posts/2/comments/2
18:21:14.082 [main] DEBUG c.m.service.impl.CommentServiceImpl - Getting comment by id: 2
18:21:14.082 [main] DEBUG com.myblog.dao.impl.CommentDaoImpl - Comment not found with id: 2
]]></system-out>
  </testcase>
  <testcase name="testUpdateCommentNotFound" classname="com.myblog.controller.CommentControllerIntegrationTest" time="0.011">
    <system-out><![CDATA[18:21:14.085 [main] INFO  o.s.mock.web.MockServletContext - Initializing Spring TestDispatcherServlet ''
18:21:14.085 [main] INFO  o.s.t.w.s.TestDispatcherServlet - Initializing Servlet ''
18:21:14.086 [main] INFO  o.s.t.w.s.TestDispatcherServlet - Completed initialization in 1 ms
18:21:14.089 [main] DEBUG c.myblog.controller.PostController - POST /api/posts - title: Test Post
18:21:14.089 [main] DEBUG c.m.service.impl.PostServiceImpl - Creating new post with title: Test Post
18:21:14.094 [main] DEBUG c.m.controller.CommentController - PUT /api/posts/3/comments/999 - text: Updated comment
18:21:14.094 [main] DEBUG c.m.service.impl.CommentServiceImpl - Updating comment with id: 999
18:21:14.094 [main] DEBUG com.myblog.dao.impl.CommentDaoImpl - Comment not found with id: 999
]]></system-out>
  </testcase>
  <testcase name="testGetCommentById" classname="com.myblog.controller.CommentControllerIntegrationTest" time="0.056">
    <system-out><![CDATA[18:21:14.098 [main] INFO  o.s.mock.web.MockServletContext - Initializing Spring TestDispatcherServlet ''
18:21:14.098 [main] INFO  o.s.t.w.s.TestDispatcherServlet - Initializing Servlet ''
18:21:14.099 [main] INFO  o.s.t.w.s.TestDispatcherServlet - Completed initialization in 1 ms
18:21:14.102 [main] DEBUG c.myblog.controller.PostController - POST /api/posts - title: Test Post
18:21:14.102 [main] DEBUG c.m.service.impl.PostServiceImpl - Creating new post with title: Test Post
18:21:14.113 [main] DEBUG c.m.controller.CommentController - POST /api/posts/4/comments - text: Test comment
18:21:14.113 [main] DEBUG c.m.service.impl.CommentServiceImpl - Creating new comment for post with id: 4
18:21:14.116 [main] DEBUG c.m.controller.CommentController - GET /api/posts/4/comments/3
18:21:14.116 [main] DEBUG c.m.service.impl.CommentServiceImpl - Getting comment by id: 3
]]></system-out>
  </testcase>
  <testcase name="testCreateComment" classname="com.myblog.controller.CommentControllerIntegrationTest" time="0.011">
    <system-out><![CDATA[18:21:14.155 [main] INFO  o.s.mock.web.MockServletContext - Initializing Spring TestDispatcherServlet ''
18:21:14.155 [main] INFO  o.s.t.w.s.TestDispatcherServlet - Initializing Servlet ''
18:21:14.155 [main] INFO  o.s.t.w.s.TestDispatcherServlet - Completed initialization in 0 ms
18:21:14.158 [main] DEBUG c.myblog.controller.PostController - POST /api/posts - title: Test Post
18:21:14.158 [main] DEBUG c.m.service.impl.PostServiceImpl - Creating new post with title: Test Post
18:21:14.162 [main] DEBUG c.m.controller.CommentController - POST /api/posts/5/comments - text: Test comment
18:21:14.162 [main] DEBUG c.m.service.impl.CommentServiceImpl - Creating new comment for post with id: 5
]]></system-out>
  </testcase>
  <testcase name="testGetComments" classname="com.myblog.controller.CommentControllerIntegrationTest" time="0.013">
    <system-out><![CDATA[18:21:14.167 [main] INFO  o.s.mock.web.MockServletContext - Initializing Spring TestDispatcherServlet ''
18:21:14.167 [main] INFO  o.s.t.w.s.TestDispatcherServlet - Initializing Servlet ''
18:21:14.167 [main] INFO  o.s.t.w.s.TestDispatcherServlet - Completed initialization in 0 ms
18:21:14.170 [main] DEBUG c.myblog.controller.PostController - POST /api/posts - title: Test Post
18:21:14.170 [main] DEBUG c.m.service.impl.PostServiceImpl - Creating new post with title: Test Post
18:21:14.172 [main] DEBUG c.m.controller.CommentController - GET /api/posts/6/comments
18:21:14.173 [main] DEBUG c.m.service.impl.CommentServiceImpl - Getting comments for post with id: 6
]]></system-out>
  </testcase>
  <testcase name="testUpdateComment" classname="com.myblog.controller.CommentControllerIntegrationTest" time="0.013">
    <system-out><![CDATA[18:21:14.180 [main] INFO  o.s.mock.web.MockServletContext - Initializing Spring TestDispatcherServlet ''
18:21:14.180 [main] INFO  o.s.t.w.s.TestDispatcherServlet - Initializing Servlet ''
18:21:14.181 [main] INFO  o.s.t.w.s.TestDispatcherServlet - Completed initialization in 1 ms
18:21:14.183 [main] DEBUG c.myblog.controller.PostController - POST /api/posts - title: Test Post
18:21:14.183 [main] DEBUG c.m.service.impl.PostServiceImpl - Creating new post with title: Test Post
18:21:14.186 [main] DEBUG c.m.controller.CommentController - POST /api/posts/7/comments - text: Original comment
18:21:14.186 [main] DEBUG c.m.service.impl.CommentServiceImpl - Creating new comment for post with id: 7
18:21:14.188 [main] DEBUG c.m.controller.CommentController - PUT /api/posts/7/comments/5 - text: Updated comment
18:21:14.188 [main] DEBUG c.m.service.impl.CommentServiceImpl - Updating comment with id: 5
]]></system-out>
  </testcase>
</testsuite>