<?xml version="1.0" encoding="UTF-8"?>
<testsuite xmlns:xsi="http://www.w3.org/2001/XMLSchema-instance" xsi:noNamespaceSchemaLocation="https://maven.apache.org/surefire/maven-surefire-plugin/xsd/surefire-test-report-3.0.xsd" version="3.0" name="com.myblog.controller.PostControllerIntegrationTest" time="1.573" tests="6" errors="0" skipped="0" failures="6">
  <properties>
[...]
</properties>
  <testcase name="testGetPostById" classname="com.myblog.controller.PostControllerIntegrationTest" time="0.137">
    <failure message="Status expected:&lt;201&gt; but was:&lt;500&gt;" type="java.lang.AssertionError"><![CDATA[java.lang.AssertionError: Status expected:<201> but was:<500>
	at org.springframework.test.util.AssertionErrors.fail(AssertionErrors.java:59)
	at org.springframework.test.util.AssertionErrors.assertEquals(AssertionErrors.java:122)
	at org.springframework.test.web.servlet.result.StatusResultMatchers.lambda$matcher$9(StatusResultMatchers.java:637)
	at org.springframework.test.web.servlet.MockMvc$1.andExpect(MockMvc.java:214)
	at com.myblog.controller.PostControllerIntegrationTest.testGetPostById(PostControllerIntegrationTest.java:97)
	at java.base/java.lang.reflect.Method.invoke(Method.java:580)
	at java.base/java.util.ArrayList.forEach(ArrayList.java:1596)
	at java.base/java.util.ArrayList.forEach(ArrayList.java:1596)
]]></failure>
    <system-out><![CDATA[22:20:15.993 [main] INFO  o.s.j.d.e.EmbeddedDatabaseFactory - Starting embedded database: url='jdbc:h2:mem:testdb;DB_CLOSE_DELAY=-1;DB_CLOSE_ON_EXIT=false', username='sa'
22:20:16.716 [main] INFO  o.s.mock.web.MockServletContext - Initializing Spring TestDispatcherServlet ''
22:20:16.717 [main] INFO  o.s.t.w.s.TestDispatcherServlet - Initializing Servlet ''
22:20:16.718 [main] INFO  o.s.t.w.s.TestDispatcherServlet - Completed initialization in 0 ms
22:20:16.780 [main] WARN  o.s.web.servlet.PageNotFound - No mapping for POST /api/posts
]]></system-out>
  </testcase>
  <testcase name="testGetPosts" classname="com.myblog.controller.PostControllerIntegrationTest" time="0.006">
    <failure message="Status expected:&lt;200&gt; but was:&lt;500&gt;" type="java.lang.AssertionError"><![CDATA[java.lang.AssertionError: Status expected:<200> but was:<500>
	at org.springframework.test.util.AssertionErrors.fail(AssertionErrors.java:59)
	at org.springframework.test.util.AssertionErrors.assertEquals(AssertionErrors.java:122)
	at org.springframework.test.web.servlet.result.StatusResultMatchers.lambda$matcher$9(StatusResultMatchers.java:637)
	at org.springframework.test.web.servlet.MockMvc$1.andExpect(MockMvc.java:214)
	at com.myblog.controller.PostControllerIntegrationTest.testGetPosts(PostControllerIntegrationTest.java:61)
	at java.base/java.lang.reflect.Method.invoke(Method.java:580)
	at java.base/java.util.ArrayList.forEach(ArrayList.java:1596)
	at java.base/java.util.ArrayList.forEach(ArrayList.java:1596)
]]></failure>
    <system-out><![CDATA[22:20:16.817 [main] INFO  o.s.mock.web.MockServletContext - Initializing Spring TestDispatcherServlet ''
22:20:16.817 [main] INFO  o.s.t.w.s.TestDispatcherServlet - Initializing Servlet ''
22:20:16.817 [main] INFO  o.s.t.w.s.TestDispatcherServlet - Completed initialization in 0 ms
22:20:16.819 [main] WARN  o.s.web.servlet.PageNotFound - No mapping for GET /api/posts
]]></system-out>
  </testcase>
  <testcase name="testUpdatePost" classname="com.myblog.controller.PostControllerIntegrationTest" time="0.007">
    <failure message="Status expected:&lt;201&gt; but was:&lt;500&gt;" type="java.lang.AssertionError"><![CDATA[java.lang.AssertionError: Status expected:<201> but was:<500>
	at org.springframework.test.util.AssertionErrors.fail(AssertionErrors.java:59)
	at org.springframework.test.util.AssertionErrors.assertEquals(AssertionErrors.java:122)
	at org.springframework.test.web.servlet.result.StatusResultMatchers.lambda$matcher$9(StatusResultMatchers.java:637)
	at org.springframework.test.web.servlet.MockMvc$1.andExpect(MockMvc.java:214)
	at com.myblog.controller.PostControllerIntegrationTest.testUpdatePost(PostControllerIntegrationTest.java:120)
	at java.base/java.lang.reflect.Method.invoke(Method.java:580)
	at java.base/java.util.ArrayList.forEach(ArrayList.java:1596)
	at java.base/java.util.ArrayList.forEach(ArrayList.java:1596)
]]></failure>
    <system-out><![CDATA[22:20:16.825 [main] INFO  o.s.mock.web.MockServletContext - Initializing Spring TestDispatcherServlet ''
22:20:16.825 [main] INFO  o.s.t.w.s.TestDispatcherServlet - Initializing Servlet ''
22:20:16.825 [main] INFO  o.s.t.w.s.TestDispatcherServlet - Completed initialization in 0 ms
22:20:16.828 [main] WARN  o.s.web.servlet.PageNotFound - No mapping for POST /api/posts
]]></system-out>
  </testcase>
  <testcase name="testIncrementLikes" classname="com.myblog.controller.PostControllerIntegrationTest" time="0.007">
    <failure message="Status expected:&lt;201&gt; but was:&lt;500&gt;" type="java.lang.AssertionError"><![CDATA[java.lang.AssertionError: Status expected:<201> but was:<500>
	at org.springframework.test.util.AssertionErrors.fail(AssertionErrors.java:59)
	at org.springframework.test.util.AssertionErrors.assertEquals(AssertionErrors.java:122)
	at org.springframework.test.web.servlet.result.StatusResultMatchers.lambda$matcher$9(StatusResultMatchers.java:637)
	at org.springframework.test.web.servlet.MockMvc$1.andExpect(MockMvc.java:214)
	at com.myblog.controller.PostControllerIntegrationTest.testIncrementLikes(PostControllerIntegrationTest.java:176)
	at java.base/java.lang.reflect.Method.invoke(Method.java:580)
	at java.base/java.util.ArrayList.forEach(ArrayList.java:1596)
	at java.base/java.util.ArrayList.forEach(ArrayList.java:1596)
]]></failure>
    <system-out><![CDATA[22:20:16.832 [main] INFO  o.s.mock.web.MockServletContext - Initializing Spring TestDispatcherServlet ''
22:20:16.833 [main] INFO  o.s.t.w.s.TestDispatcherServlet - Initializing Servlet ''
22:20:16.833 [main] INFO  o.s.t.w.s.TestDispatcherServlet - Completed initialization in 0 ms
22:20:16.836 [main] WARN  o.s.web.servlet.PageNotFound - No mapping for POST /api/posts
]]></system-out>
  </testcase>
  <testcase name="testCreatePost" classname="com.myblog.controller.PostControllerIntegrationTest" time="0.006">
    <failure message="Status expected:&lt;201&gt; but was:&lt;500&gt;" type="java.lang.AssertionError"><![CDATA[java.lang.AssertionError: Status expected:<201> but was:<500>
	at org.springframework.test.util.AssertionErrors.fail(AssertionErrors.java:59)
	at org.springframework.test.util.AssertionErrors.assertEquals(AssertionErrors.java:122)
	at org.springframework.test.web.servlet.result.StatusResultMatchers.lambda$matcher$9(StatusResultMatchers.java:637)
	at org.springframework.test.web.servlet.MockMvc$1.andExpect(MockMvc.java:214)
	at com.myblog.controller.PostControllerIntegrationTest.testCreatePost(PostControllerIntegrationTest.java:78)
	at java.base/java.lang.reflect.Method.invoke(Method.java:580)
	at java.base/java.util.ArrayList.forEach(ArrayList.java:1596)
	at java.base/java.util.ArrayList.forEach(ArrayList.java:1596)
]]></failure>
    <system-out><![CDATA[22:20:16.840 [main] INFO  o.s.mock.web.MockServletContext - Initializing Spring TestDispatcherServlet ''
22:20:16.841 [main] INFO  o.s.t.w.s.TestDispatcherServlet - Initializing Servlet ''
22:20:16.841 [main] INFO  o.s.t.w.s.TestDispatcherServlet - Completed initialization in 0 ms
22:20:16.843 [main] WARN  o.s.web.servlet.PageNotFound - No mapping for POST /api/posts
]]></system-out>
  </testcase>
  <testcase name="testDeletePost" classname="com.myblog.controller.PostControllerIntegrationTest" time="0.007">
    <failure message="Status expected:&lt;201&gt; but was:&lt;500&gt;" type="java.lang.AssertionError"><![CDATA[java.lang.AssertionError: Status expected:<201> but was:<500>
	at org.springframework.test.util.AssertionErrors.fail(AssertionErrors.java:59)
	at org.springframework.test.util.AssertionErrors.assertEquals(AssertionErrors.java:122)
	at org.springframework.test.web.servlet.result.StatusResultMatchers.lambda$matcher$9(StatusResultMatchers.java:637)
	at org.springframework.test.web.servlet.MockMvc$1.andExpect(MockMvc.java:214)
	at com.myblog.controller.PostControllerIntegrationTest.testDeletePost(PostControllerIntegrationTest.java:151)
	at java.base/java.lang.reflect.Method.invoke(Method.java:580)
	at java.base/java.util.ArrayList.forEach(ArrayList.java:1596)
	at java.base/java.util.ArrayList.forEach(ArrayList.java:1596)
]]></failure>
    <system-out><![CDATA[22:20:16.848 [main] INFO  o.s.mock.web.MockServletContext - Initializing Spring TestDispatcherServlet ''
22:20:16.848 [main] INFO  o.s.t.w.s.TestDispatcherServlet - Initializing Servlet ''
22:20:16.849 [main] INFO  o.s.t.w.s.TestDispatcherServlet - Completed initialization in 1 ms
22:20:16.851 [main] WARN  o.s.web.servlet.PageNotFound - No mapping for POST /api/posts
]]></system-out>
  </testcase>
</testsuite>