<?xml version="1.0" encoding="UTF-8"?>
<testsuite xmlns:xsi="http://www.w3.org/2001/XMLSchema-instance" xsi:noNamespaceSchemaLocation="https://maven.apache.org/surefire/maven-surefire-plugin/xsd/surefire-test-report-3.0.xsd" version="3.0" name="com.myblog.controller.PostControllerIntegrationTest" time="1.714" tests="6" errors="0" skipped="0" failures="0">
  <properties>
[...]
</properties>
  <testcase name="testGetPostById" classname="com.myblog.controller.PostControllerIntegrationTest" time="0.265">
    <system-out><![CDATA[15:06:27.060 [main] INFO  o.s.j.d.e.EmbeddedDatabaseFactory - Starting embedded database: url='jdbc:h2:mem:testdb;DB_CLOSE_DELAY=-1;DB_CLOSE_ON_EXIT=false', username='sa'
15:06:27.775 [main] INFO  o.s.mock.web.MockServletContext - Initializing Spring TestDispatcherServlet ''
15:06:27.776 [main] INFO  o.s.t.w.s.TestDispatcherServlet - Initializing Servlet ''
15:06:27.779 [main] INFO  o.s.t.w.s.TestDispatcherServlet - Completed initialization in 1 ms
15:06:27.908 [main] DEBUG c.myblog.controller.PostController - POST /api/posts - title: Test Post
15:06:27.911 [main] DEBUG c.m.service.impl.PostServiceImpl - Creating new post with title: Test Post
15:06:27.933 [main] DEBUG com.myblog.dao.impl.TagDaoImpl - Tag not found with name: tag1
15:06:27.959 [main] DEBUG c.myblog.controller.PostController - GET /api/posts/1
15:06:27.959 [main] DEBUG c.m.service.impl.PostServiceImpl - Getting post by id: 1
]]></system-out>
  </testcase>
  <testcase name="testGetPosts" classname="com.myblog.controller.PostControllerIntegrationTest" time="0.018">
    <system-out><![CDATA[15:06:27.998 [main] INFO  o.s.mock.web.MockServletContext - Initializing Spring TestDispatcherServlet ''
15:06:27.998 [main] INFO  o.s.t.w.s.TestDispatcherServlet - Initializing Servlet ''
15:06:28.000 [main] INFO  o.s.t.w.s.TestDispatcherServlet - Completed initialization in 2 ms
15:06:28.006 [main] DEBUG c.myblog.controller.PostController - GET /api/posts - search: , pageNumber: 1, pageSize: 10
15:06:28.006 [main] DEBUG c.m.service.impl.PostServiceImpl - Getting posts with search: , page: 1, size: 10
]]></system-out>
  </testcase>
  <testcase name="testUpdatePost" classname="com.myblog.controller.PostControllerIntegrationTest" time="0.022">
    <system-out><![CDATA[15:06:28.018 [main] INFO  o.s.mock.web.MockServletContext - Initializing Spring TestDispatcherServlet ''
15:06:28.018 [main] INFO  o.s.t.w.s.TestDispatcherServlet - Initializing Servlet ''
15:06:28.018 [main] INFO  o.s.t.w.s.TestDispatcherServlet - Completed initialization in 0 ms
15:06:28.021 [main] DEBUG c.myblog.controller.PostController - POST /api/posts - title: Original Title
15:06:28.021 [main] DEBUG c.m.service.impl.PostServiceImpl - Creating new post with title: Original Title
15:06:28.022 [main] DEBUG com.myblog.dao.impl.TagDaoImpl - Tag not found with name: tag1
15:06:28.031 [main] DEBUG c.myblog.controller.PostController - PUT /api/posts/2 - title: Updated Title
15:06:28.032 [main] DEBUG c.m.service.impl.PostServiceImpl - Updating post with id: 2
15:06:28.035 [main] DEBUG com.myblog.dao.impl.TagDaoImpl - Tag not found with name: tag2
]]></system-out>
  </testcase>
  <testcase name="testIncrementLikes" classname="com.myblog.controller.PostControllerIntegrationTest" time="0.017">
    <system-out><![CDATA[15:06:28.040 [main] INFO  o.s.mock.web.MockServletContext - Initializing Spring TestDispatcherServlet ''
15:06:28.040 [main] INFO  o.s.t.w.s.TestDispatcherServlet - Initializing Servlet ''
15:06:28.041 [main] INFO  o.s.t.w.s.TestDispatcherServlet - Completed initialization in 1 ms
15:06:28.045 [main] DEBUG c.myblog.controller.PostController - POST /api/posts - title: Post with Likes
15:06:28.045 [main] DEBUG c.m.service.impl.PostServiceImpl - Creating new post with title: Post with Likes
15:06:28.048 [main] DEBUG c.myblog.controller.PostController - POST /api/posts/3/likes
15:06:28.049 [main] DEBUG c.m.service.impl.PostServiceImpl - Incrementing likes for post with id: 3
15:06:28.054 [main] DEBUG c.myblog.controller.PostController - POST /api/posts/3/likes
15:06:28.054 [main] DEBUG c.m.service.impl.PostServiceImpl - Incrementing likes for post with id: 3
]]></system-out>
  </testcase>
  <testcase name="testCreatePost" classname="com.myblog.controller.PostControllerIntegrationTest" time="0.012">
    <system-out><![CDATA[15:06:28.059 [main] INFO  o.s.mock.web.MockServletContext - Initializing Spring TestDispatcherServlet ''
15:06:28.059 [main] INFO  o.s.t.w.s.TestDispatcherServlet - Initializing Servlet ''
15:06:28.059 [main] INFO  o.s.t.w.s.TestDispatcherServlet - Completed initialization in 0 ms
15:06:28.062 [main] DEBUG c.myblog.controller.PostController - POST /api/posts - title: New Post
15:06:28.062 [main] DEBUG c.m.service.impl.PostServiceImpl - Creating new post with title: New Post
15:06:28.063 [main] DEBUG com.myblog.dao.impl.TagDaoImpl - Tag not found with name: tag1
15:06:28.065 [main] DEBUG com.myblog.dao.impl.TagDaoImpl - Tag not found with name: tag2
]]></system-out>
  </testcase>
  <testcase name="testDeletePost" classname="com.myblog.controller.PostControllerIntegrationTest" time="0.013">
    <system-out><![CDATA[15:06:28.071 [main] INFO  o.s.mock.web.MockServletContext - Initializing Spring TestDispatcherServlet ''
15:06:28.071 [main] INFO  o.s.t.w.s.TestDispatcherServlet - Initializing Servlet ''
15:06:28.072 [main] INFO  o.s.t.w.s.TestDispatcherServlet - Completed initialization in 0 ms
15:06:28.075 [main] DEBUG c.myblog.controller.PostController - POST /api/posts - title: Post to Delete
15:06:28.076 [main] DEBUG c.m.service.impl.PostServiceImpl - Creating new post with title: Post to Delete
15:06:28.080 [main] DEBUG c.myblog.controller.PostController - DELETE /api/posts/5
15:06:28.080 [main] DEBUG c.m.service.impl.PostServiceImpl - Deleting post with id: 5
15:06:28.081 [main] DEBUG c.myblog.controller.PostController - GET /api/posts/5
15:06:28.082 [main] DEBUG c.m.service.impl.PostServiceImpl - Getting post by id: 5
15:06:28.082 [main] DEBUG com.myblog.dao.impl.PostDaoImpl - Post not found with id: 5
]]></system-out>
  </testcase>
</testsuite>