<?xml version="1.0" encoding="UTF-8"?>
<testsuite xmlns:xsi="http://www.w3.org/2001/XMLSchema-instance" xsi:noNamespaceSchemaLocation="https://maven.apache.org/surefire/maven-surefire-plugin/xsd/surefire-test-report-3.0.xsd" version="3.0" name="com.myblog.service.CommentServiceTest" time="0.716" tests="6" errors="0" skipped="0" failures="0">
  <properties>
[...]
</properties>
  <testcase name="testDeleteComment" classname="com.myblog.service.CommentServiceTest" time="0.691">
    <system-out><![CDATA[18:21:15.058 [main] DEBUG c.m.service.impl.CommentServiceImpl - Deleting comment with id: 1
]]></system-out>
    <system-err><![CDATA[WARNING: A Java agent has been loaded dynamically (C:\Users\Asqum\.m2\repository\net\bytebuddy\byte-buddy-agent\1.14.10\byte-buddy-agent-1.14.10.jar)
WARNING: If a serviceability tool is in use, please run with -XX:+EnableDynamicAgentLoading to hide this warning
WARNING: If a serviceability tool is not in use, please run with -Djdk.instrument.traceUsage for more information
WARNING: Dynamic loading of agents will be disallowed by default in a future release
]]></system-err>
  </testcase>
  <testcase name="testGetCommentsByPostId" classname="com.myblog.service.CommentServiceTest" time="0.006">
    <system-out><![CDATA[18:21:15.086 [main] DEBUG c.m.service.impl.CommentServiceImpl - Getting comments for post with id: 1
]]></system-out>
  </testcase>
  <testcase name="testUpdateCommentNotFound" classname="com.myblog.service.CommentServiceTest" time="0.004">
    <system-out><![CDATA[18:21:15.090 [main] DEBUG c.m.service.impl.CommentServiceImpl - Updating comment with id: 999
]]></system-out>
  </testcase>
  <testcase name="testGetCommentById" classname="com.myblog.service.CommentServiceTest" time="0.002">
    <system-out><![CDATA[18:21:15.093 [main] DEBUG c.m.service.impl.CommentServiceImpl - Getting comment by id: 1
]]></system-out>
  </testcase>
  <testcase name="testCreateComment" classname="com.myblog.service.CommentServiceTest" time="0.002">
    <system-out><![CDATA[18:21:15.095 [main] DEBUG c.m.service.impl.CommentServiceImpl - Creating new comment for post with id: 1
]]></system-out>
  </testcase>
  <testcase name="testUpdateComment" classname="com.myblog.service.CommentServiceTest" time="0.002">
    <system-out><![CDATA[18:21:15.097 [main] DEBUG c.m.service.impl.CommentServiceImpl - Updating comment with id: 1
]]></system-out>
  </testcase>
</testsuite>